<?xml version="1.0" encoding="UTF-8"?>
<!-- Generated by org.testng.reporters.JUnitReportReporter -->
<testsuite hostname="MSasuluya-EDP100323" failures="0" tests="2" name="qaclickacademy.Mavenjava.RESTAPITest" time="0.005" errors="0" timestamp="2021-06-10T22:55:56 PST" skipped="0">
  <testcase classname="qaclickacademy.Mavenjava.RESTAPITest" name="posJira" time="0.000"/>
  <system-out/>
  <testcase classname="qaclickacademy.Mavenjava.RESTAPITest" name="deleteTwitter" time="0.005"/>
  <system-out/>
</testsuite> <!-- qaclickacademy.Mavenjava.RESTAPITest -->
